2019-04-26 21:39:05,803 (INFO) - True
2019-04-26 21:41:15,243 (INFO) - True
2019-04-26 21:41:18,162 (INFO) - Auction is ended?: False
2019-04-26 21:41:18,335 (INFO) - Time left: 175
2019-04-26 21:41:18,347 (INFO) - Highest bidder: 0x0000000000000000000000000000000000000000
2019-04-26 21:41:18,529 (INFO) - Auction is ended?: False
2019-04-26 21:41:33,762 (INFO) - Auction is ended?: False
2019-04-26 21:41:33,774 (INFO) - Time left: 160
2019-04-26 21:41:33,786 (INFO) - Highest bidder: 0x0000000000000000000000000000000000000000
2019-04-26 21:41:33,818 (INFO) - Auction is ended?: False
2019-04-26 21:41:48,952 (INFO) - Auction is ended?: False
2019-04-26 21:41:48,964 (INFO) - Time left: 145
2019-04-26 21:41:48,975 (INFO) - Highest bidder: 0x0000000000000000000000000000000000000000
2019-04-26 21:41:49,007 (INFO) - Auction is ended?: False
2019-04-26 21:42:04,185 (INFO) - Auction is ended?: False
2019-04-26 21:42:04,196 (INFO) - Time left: 130
2019-04-26 21:42:04,207 (INFO) - Highest bidder: 0x0000000000000000000000000000000000000000
2019-04-26 21:42:04,250 (INFO) - Auction is ended?: False
2019-04-26 21:42:19,623 (INFO) - Auction is ended?: False
2019-04-26 21:42:19,634 (INFO) - Time left: 115
2019-04-26 21:42:19,646 (INFO) - Highest bidder: 0x0000000000000000000000000000000000000000
2019-04-26 21:42:19,678 (INFO) - Auction is ended?: False
2019-04-26 21:42:34,860 (INFO) - Auction is ended?: False
2019-04-26 21:42:34,872 (INFO) - Time left: 100
2019-04-26 21:42:34,883 (INFO) - Highest bidder: 0x0000000000000000000000000000000000000000
2019-04-26 21:42:34,923 (INFO) - Auction is ended?: False
2019-04-26 21:42:50,060 (INFO) - Auction is ended?: False
2019-04-26 21:42:50,071 (INFO) - Time left: 85
2019-04-26 21:42:50,083 (INFO) - Highest bidder: 0x0000000000000000000000000000000000000000
2019-04-26 21:42:50,118 (INFO) - Auction is ended?: False
2019-04-26 21:43:05,364 (INFO) - Auction is ended?: False
2019-04-26 21:43:05,375 (INFO) - Time left: 70
2019-04-26 21:43:05,387 (INFO) - Highest bidder: 0x0000000000000000000000000000000000000000
2019-04-26 21:43:05,435 (INFO) - Auction is ended?: False
2019-04-26 21:43:20,537 (INFO) - Auction is ended?: False
2019-04-26 21:43:20,548 (INFO) - Time left: 55
2019-04-26 21:43:20,560 (INFO) - Highest bidder: 0x0000000000000000000000000000000000000000
2019-04-26 21:43:20,609 (INFO) - Auction is ended?: False
2019-04-26 21:43:36,157 (INFO) - Auction is ended?: False
2019-04-26 21:43:36,161 (INFO) - Time left: 40
2019-04-26 21:43:36,164 (INFO) - Highest bidder: 0x0000000000000000000000000000000000000000
2019-04-26 21:43:36,184 (INFO) - Auction is ended?: False
2019-04-26 21:43:51,913 (INFO) - Auction is ended?: False
2019-04-26 21:43:51,925 (INFO) - Time left: 25
2019-04-26 21:43:51,937 (INFO) - Highest bidder: 0x0000000000000000000000000000000000000000
2019-04-26 21:43:51,972 (INFO) - Auction is ended?: False
2019-04-26 21:44:07,469 (INFO) - Auction is ended?: False
2019-04-26 21:44:07,475 (INFO) - Time left: 10
2019-04-26 21:44:07,478 (INFO) - Highest bidder: 0x0000000000000000000000000000000000000000
2019-04-26 21:44:07,497 (INFO) - Auction is ended?: False
2019-04-26 21:44:23,157 (INFO) - Auction is ended?: True
2019-04-26 21:44:23,168 (INFO) - Time left: 115792089237316195423570985008687907853269984665640564039457584007913129639931
2019-04-26 21:44:23,180 (INFO) - Highest bidder: 0x0000000000000000000000000000000000000000
2019-04-26 21:44:23,214 (INFO) - Auction is ended?: True
2019-04-26 21:47:01,111 (INFO) - True
2019-04-26 21:47:01,111 (INFO) - True
2019-04-26 21:49:59,572 (INFO) - True
2019-04-26 21:49:59,572 (INFO) - True
2019-04-26 21:49:59,572 (INFO) - True
2019-04-26 21:50:54,259 (INFO) - True
2019-04-26 21:50:56,910 (INFO) - Auction is ended?: False
2019-04-26 21:50:57,486 (INFO) - Time left: 265
2019-04-26 21:50:57,490 (INFO) - Highest bidder: 0x0000000000000000000000000000000000000000
2019-04-26 21:50:57,742 (INFO) - Auction is ended?: False
2019-04-26 21:51:58,517 (INFO) - Auction is ended?: False
2019-04-26 21:51:59,365 (INFO) - Time left: 190
2019-04-26 21:51:59,370 (INFO) - Highest bidder: 0x0000000000000000000000000000000000000000
2019-04-26 21:51:59,603 (INFO) - Auction is ended?: False
2019-04-26 21:52:59,812 (INFO) - Auction is ended?: False
2019-04-26 21:52:59,823 (INFO) - Time left: 130
2019-04-26 21:52:59,835 (INFO) - Highest bidder: 0x0000000000000000000000000000000000000000
2019-04-26 21:52:59,965 (INFO) - Auction is ended?: False
2019-04-26 21:54:00,765 (INFO) - Auction is ended?: False
2019-04-26 21:54:00,770 (INFO) - Time left: 70
2019-04-26 21:54:00,775 (INFO) - Highest bidder: 0x0000000000000000000000000000000000000000
2019-04-26 21:54:00,933 (INFO) - Auction is ended?: False
2019-04-26 21:55:01,193 (INFO) - Auction is ended?: False
2019-04-26 21:55:01,204 (INFO) - Time left: 10
2019-04-26 21:55:01,216 (INFO) - Highest bidder: 0x0000000000000000000000000000000000000000
2019-04-26 21:55:01,595 (INFO) - Auction is ended?: False
2019-04-26 21:56:01,790 (INFO) - Auction is ended?: True
2019-04-26 21:56:01,801 (INFO) - Time left: 115792089237316195423570985008687907853269984665640564039457584007913129639886
2019-04-26 21:56:01,813 (INFO) - Highest bidder: 0x0000000000000000000000000000000000000000
2019-04-26 21:56:01,950 (INFO) - Auction is ended?: True
